<?xml version="1.0" encoding="UTF-8"?>
<!-- Generated by org.testng.reporters.JUnitReportReporter -->
<testsuite skipped="0" hostname="kafi-PC" name="com.testNG.BasicTest" tests="1" failures="0" timestamp="2020-08-30T13:34:55 BDT" time="17.939" errors="0">
  <testcase name="f" time="17.939" classname="com.testNG.BasicTest"/>
  <system-out/>
</testsuite> <!-- com.testNG.BasicTest -->
