<?xml version="1.0" encoding="UTF-8"?>
<!-- Generated by org.testng.reporters.JUnitReportReporter -->
<testsuite skipped="0" hostname="kafi-PC" name="com.login.LoginPageTest" tests="2" failures="0" timestamp="2020-09-06T21:08:25 BDT" time="13.654" errors="0">
  <testcase name="invalidTest" time="7.960" classname="com.login.LoginPageTest"/>
  <system-out/>
  <testcase name="validTest" time="5.694" classname="com.login.LoginPageTest"/>
  <system-out/>
</testsuite> <!-- com.login.LoginPageTest -->
