<?xml version="1.0" encoding="UTF-8"?>
<!-- Generated by org.testng.reporters.JUnitReportReporter -->
<testsuite hostname="kafi-PC" failures="0" tests="1" name="maven.demo.FirstTest" time="14.470" errors="0" timestamp="2020-08-31T21:55:53 BDT" skipped="0">
  <testcase classname="maven.demo.FirstTest" name="testFirst" time="14.470"/>
  <system-out/>
</testsuite> <!-- maven.demo.FirstTest -->
